TN:
SF:src\myClass.js
FN:4,(anonymous_0)
FN:12,(anonymous_1)
FN:16,(anonymous_2)
FN:23,(anonymous_3)
FN:30,(anonymous_4)
FN:34,(anonymous_5)
FN:35,(anonymous_6)
FN:36,(anonymous_7)
FN:37,(anonymous_8)
FN:42,(anonymous_9)
FN:43,(anonymous_10)
FN:47,(anonymous_11)
FN:58,(anonymous_12)
FN:61,(anonymous_13)
FNF:14
FNH:9
FNDA:1,(anonymous_0)
FNDA:2,(anonymous_1)
FNDA:4,(anonymous_2)
FNDA:3,(anonymous_3)
FNDA:1,(anonymous_4)
FNDA:0,(anonymous_5)
FNDA:0,(anonymous_6)
FNDA:0,(anonymous_7)
FNDA:0,(anonymous_8)
FNDA:1,(anonymous_9)
FNDA:1,(anonymous_10)
FNDA:4,(anonymous_11)
FNDA:1,(anonymous_12)
FNDA:0,(anonymous_13)
DA:1,1
DA:5,1
DA:13,2
DA:18,4
DA:19,4
DA:25,3
DA:26,3
DA:27,3
DA:31,1
DA:35,0
DA:36,0
DA:38,0
DA:43,1
DA:44,1
DA:45,1
DA:47,1
DA:48,4
DA:49,1
DA:50,1
DA:52,0
DA:56,1
DA:59,1
DA:62,0
DA:67,1
LF:24
LH:19
BRDA:48,0,0,1
BRDA:48,0,1,3
BRDA:49,1,0,1
BRDA:49,1,1,0
BRF:4
BRH:3
end_of_record
